<?xml version="1.0" encoding="UTF-8"?>
<robot generator="Robot 3.2.2 (Python 3.9.1 on win32)" generated="20210212 13:54:51.976" rpa="false">
<suite id="s1" name="Selenium-Automation" source="C:\Users\usuario\Desktop\QA_Automation\Arrays y Loops\selenium-automation.robot">
<test id="s1-t1" name="C001 Hacer clic en Contenedores">
<kw name="Open HomePage">
<kw name="Open Browser" library="SeleniumLibrary">
<doc>Opens a new browser instance to the optional ``url``.</doc>
<arguments>
<arg>${TestUrl}</arg>
<arg>${Browser}</arg>
</arguments>
<msg timestamp="20210212 13:54:52.109" level="INFO">Opening browser 'chrome' to base url 'http://automationpractice.com/index.php'.</msg>
<status status="PASS" starttime="20210212 13:54:52.109" endtime="20210212 13:55:04.304"></status>
</kw>
<status status="PASS" starttime="20210212 13:54:52.108" endtime="20210212 13:55:04.304"></status>
</kw>
<kw name="Set Global Variable" library="BuiltIn">
<doc>Makes a variable available globally in all tests and suites.</doc>
<arguments>
<arg>@{NombreDeContenedores}</arg>
<arg>//*[@id="homefeatured"]/li[1]/div/div[2]/h5/a</arg>
<arg>//*[@id="homefeatured"]/li[2]/div/div[2]/h5/a</arg>
<arg>//*[@id="homefeatured"]/li[3]/div/div[2]/h5/a</arg>
<arg>//*[@id="homefeatured"]/li[4]/div/div[2]/h5/a</arg>
<arg>//*[@id="homefeatured"]/li[5]/div/div[2]/h5/a</arg>
<arg>//*[@id="homefeatured"]/li[6]/div/div[2]/h5/a</arg>
<arg>//*[@id="homefeatured"]/li[7]/div/div[2]/h5/a</arg>
</arguments>
<msg timestamp="20210212 13:55:04.305" level="INFO">@{NombreDeContenedores} = [ //*[@id="homefeatured"]/li[1]/div/div[2]/h5/a | //*[@id="homefeatured"]/li[2]/div/div[2]/h5/a | //*[@id="homefeatured"]/li[3]/div/div[2]/h5/a | //*[@id="homefeatured"]/li[4]/div/div[2]/h5/a | //*[@i...</msg>
<status status="PASS" starttime="20210212 13:55:04.305" endtime="20210212 13:55:04.305"></status>
</kw>
<kw name="${NombreDeContenedor} IN [ @{NombreDeContenedores} ]" type="for">
<msg timestamp="20210212 13:55:04.305" level="WARN">Error in file 'C:\Users\usuario\Desktop\QA_Automation\Arrays y Loops\selenium-automation.robot' in FOR loop starting on line 21: For loop header ':FOR' is deprecated. Use 'FOR' instead.</msg>
<msg timestamp="20210212 13:55:04.306" level="WARN">Error in file 'C:\Users\usuario\Desktop\QA_Automation\Arrays y Loops\selenium-automation.robot' in FOR loop starting on line 21: Marking for loop body with '\' is deprecated. Remove markers and use 'END' instead.</msg>
<kw name="${NombreDeContenedor} = //*[@id=&quot;homefeatured&quot;]/li[1]/div/div[2]/h5/a" type="foritem">
<kw name="Click Element" library="SeleniumLibrary">
<doc>Click the element identified by ``locator``.</doc>
<arguments>
<arg>xpath=${NombreDeContenedor}</arg>
</arguments>
<msg timestamp="20210212 13:55:04.307" level="INFO">Clicking element 'xpath=//*[@id="homefeatured"]/li[1]/div/div[2]/h5/a'.</msg>
<status status="PASS" starttime="20210212 13:55:04.307" endtime="20210212 13:55:12.512"></status>
</kw>
<kw name="Wait Until Element Is Visible" library="SeleniumLibrary">
<doc>Waits until the element ``locator`` is visible.</doc>
<arguments>
<arg>xpath=//*[@id="bigpic"]</arg>
</arguments>
<status status="PASS" starttime="20210212 13:55:12.512" endtime="20210212 13:55:12.525"></status>
</kw>
<kw name="Click Element" library="SeleniumLibrary">
<doc>Click the element identified by ``locator``.</doc>
<arguments>
<arg>xpath=//*[@id="header_logo"]/a/img</arg>
</arguments>
<msg timestamp="20210212 13:55:12.525" level="INFO">Clicking element 'xpath=//*[@id="header_logo"]/a/img'.</msg>
<status status="PASS" starttime="20210212 13:55:12.525" endtime="20210212 13:55:23.912"></status>
</kw>
<status status="PASS" starttime="20210212 13:55:04.307" endtime="20210212 13:55:23.912"></status>
</kw>
<kw name="${NombreDeContenedor} = //*[@id=&quot;homefeatured&quot;]/li[2]/div/div[2]/h5/a" type="foritem">
<kw name="Click Element" library="SeleniumLibrary">
<doc>Click the element identified by ``locator``.</doc>
<arguments>
<arg>xpath=${NombreDeContenedor}</arg>
</arguments>
<msg timestamp="20210212 13:55:23.913" level="INFO">Clicking element 'xpath=//*[@id="homefeatured"]/li[2]/div/div[2]/h5/a'.</msg>
<status status="PASS" starttime="20210212 13:55:23.913" endtime="20210212 13:55:32.518"></status>
</kw>
<kw name="Wait Until Element Is Visible" library="SeleniumLibrary">
<doc>Waits until the element ``locator`` is visible.</doc>
<arguments>
<arg>xpath=//*[@id="bigpic"]</arg>
</arguments>
<status status="PASS" starttime="20210212 13:55:32.518" endtime="20210212 13:55:32.529"></status>
</kw>
<kw name="Click Element" library="SeleniumLibrary">
<doc>Click the element identified by ``locator``.</doc>
<arguments>
<arg>xpath=//*[@id="header_logo"]/a/img</arg>
</arguments>
<msg timestamp="20210212 13:55:32.529" level="INFO">Clicking element 'xpath=//*[@id="header_logo"]/a/img'.</msg>
<status status="PASS" starttime="20210212 13:55:32.529" endtime="20210212 13:55:46.425"></status>
</kw>
<status status="PASS" starttime="20210212 13:55:23.913" endtime="20210212 13:55:46.425"></status>
</kw>
<kw name="${NombreDeContenedor} = //*[@id=&quot;homefeatured&quot;]/li[3]/div/div[2]/h5/a" type="foritem">
<kw name="Click Element" library="SeleniumLibrary">
<doc>Click the element identified by ``locator``.</doc>
<arguments>
<arg>xpath=${NombreDeContenedor}</arg>
</arguments>
<msg timestamp="20210212 13:55:46.426" level="INFO">Clicking element 'xpath=//*[@id="homefeatured"]/li[3]/div/div[2]/h5/a'.</msg>
<status status="PASS" starttime="20210212 13:55:46.426" endtime="20210212 13:55:55.395"></status>
</kw>
<kw name="Wait Until Element Is Visible" library="SeleniumLibrary">
<doc>Waits until the element ``locator`` is visible.</doc>
<arguments>
<arg>xpath=//*[@id="bigpic"]</arg>
</arguments>
<status status="PASS" starttime="20210212 13:55:55.395" endtime="20210212 13:55:55.412"></status>
</kw>
<kw name="Click Element" library="SeleniumLibrary">
<doc>Click the element identified by ``locator``.</doc>
<arguments>
<arg>xpath=//*[@id="header_logo"]/a/img</arg>
</arguments>
<msg timestamp="20210212 13:55:55.412" level="INFO">Clicking element 'xpath=//*[@id="header_logo"]/a/img'.</msg>
<status status="PASS" starttime="20210212 13:55:55.412" endtime="20210212 13:56:07.645"></status>
</kw>
<status status="PASS" starttime="20210212 13:55:46.426" endtime="20210212 13:56:07.645"></status>
</kw>
<kw name="${NombreDeContenedor} = //*[@id=&quot;homefeatured&quot;]/li[4]/div/div[2]/h5/a" type="foritem">
<kw name="Click Element" library="SeleniumLibrary">
<doc>Click the element identified by ``locator``.</doc>
<arguments>
<arg>xpath=${NombreDeContenedor}</arg>
</arguments>
<msg timestamp="20210212 13:56:07.646" level="INFO">Clicking element 'xpath=//*[@id="homefeatured"]/li[4]/div/div[2]/h5/a'.</msg>
<status status="PASS" starttime="20210212 13:56:07.645" endtime="20210212 13:56:14.833"></status>
</kw>
<kw name="Wait Until Element Is Visible" library="SeleniumLibrary">
<doc>Waits until the element ``locator`` is visible.</doc>
<arguments>
<arg>xpath=//*[@id="bigpic"]</arg>
</arguments>
<status status="PASS" starttime="20210212 13:56:14.833" endtime="20210212 13:56:14.845"></status>
</kw>
<kw name="Click Element" library="SeleniumLibrary">
<doc>Click the element identified by ``locator``.</doc>
<arguments>
<arg>xpath=//*[@id="header_logo"]/a/img</arg>
</arguments>
<msg timestamp="20210212 13:56:14.845" level="INFO">Clicking element 'xpath=//*[@id="header_logo"]/a/img'.</msg>
<status status="PASS" starttime="20210212 13:56:14.845" endtime="20210212 13:56:26.797"></status>
</kw>
<status status="PASS" starttime="20210212 13:56:07.645" endtime="20210212 13:56:26.797"></status>
</kw>
<kw name="${NombreDeContenedor} = //*[@id=&quot;homefeatured&quot;]/li[5]/div/div[2]/h5/a" type="foritem">
<kw name="Click Element" library="SeleniumLibrary">
<doc>Click the element identified by ``locator``.</doc>
<arguments>
<arg>xpath=${NombreDeContenedor}</arg>
</arguments>
<msg timestamp="20210212 13:56:26.798" level="INFO">Clicking element 'xpath=//*[@id="homefeatured"]/li[5]/div/div[2]/h5/a'.</msg>
<status status="PASS" starttime="20210212 13:56:26.797" endtime="20210212 13:56:34.931"></status>
</kw>
<kw name="Wait Until Element Is Visible" library="SeleniumLibrary">
<doc>Waits until the element ``locator`` is visible.</doc>
<arguments>
<arg>xpath=//*[@id="bigpic"]</arg>
</arguments>
<status status="PASS" starttime="20210212 13:56:34.931" endtime="20210212 13:56:34.945"></status>
</kw>
<kw name="Click Element" library="SeleniumLibrary">
<doc>Click the element identified by ``locator``.</doc>
<arguments>
<arg>xpath=//*[@id="header_logo"]/a/img</arg>
</arguments>
<msg timestamp="20210212 13:56:34.946" level="INFO">Clicking element 'xpath=//*[@id="header_logo"]/a/img'.</msg>
<status status="PASS" starttime="20210212 13:56:34.945" endtime="20210212 13:56:48.638"></status>
</kw>
<status status="PASS" starttime="20210212 13:56:26.797" endtime="20210212 13:56:48.638"></status>
</kw>
<kw name="${NombreDeContenedor} = //*[@id=&quot;homefeatured&quot;]/li[6]/div/div[2]/h5/a" type="foritem">
<kw name="Click Element" library="SeleniumLibrary">
<doc>Click the element identified by ``locator``.</doc>
<arguments>
<arg>xpath=${NombreDeContenedor}</arg>
</arguments>
<msg timestamp="20210212 13:56:48.638" level="INFO">Clicking element 'xpath=//*[@id="homefeatured"]/li[6]/div/div[2]/h5/a'.</msg>
<status status="PASS" starttime="20210212 13:56:48.638" endtime="20210212 13:56:57.720"></status>
</kw>
<kw name="Wait Until Element Is Visible" library="SeleniumLibrary">
<doc>Waits until the element ``locator`` is visible.</doc>
<arguments>
<arg>xpath=//*[@id="bigpic"]</arg>
</arguments>
<status status="PASS" starttime="20210212 13:56:57.720" endtime="20210212 13:56:57.734"></status>
</kw>
<kw name="Click Element" library="SeleniumLibrary">
<doc>Click the element identified by ``locator``.</doc>
<arguments>
<arg>xpath=//*[@id="header_logo"]/a/img</arg>
</arguments>
<msg timestamp="20210212 13:56:57.735" level="INFO">Clicking element 'xpath=//*[@id="header_logo"]/a/img'.</msg>
<status status="PASS" starttime="20210212 13:56:57.734" endtime="20210212 13:57:09.762"></status>
</kw>
<status status="PASS" starttime="20210212 13:56:48.638" endtime="20210212 13:57:09.762"></status>
</kw>
<kw name="${NombreDeContenedor} = //*[@id=&quot;homefeatured&quot;]/li[7]/div/div[2]/h5/a" type="foritem">
<kw name="Click Element" library="SeleniumLibrary">
<doc>Click the element identified by ``locator``.</doc>
<arguments>
<arg>xpath=${NombreDeContenedor}</arg>
</arguments>
<msg timestamp="20210212 13:57:09.763" level="INFO">Clicking element 'xpath=//*[@id="homefeatured"]/li[7]/div/div[2]/h5/a'.</msg>
<status status="PASS" starttime="20210212 13:57:09.763" endtime="20210212 13:57:19.348"></status>
</kw>
<kw name="Wait Until Element Is Visible" library="SeleniumLibrary">
<doc>Waits until the element ``locator`` is visible.</doc>
<arguments>
<arg>xpath=//*[@id="bigpic"]</arg>
</arguments>
<status status="PASS" starttime="20210212 13:57:19.349" endtime="20210212 13:57:19.362"></status>
</kw>
<kw name="Click Element" library="SeleniumLibrary">
<doc>Click the element identified by ``locator``.</doc>
<arguments>
<arg>xpath=//*[@id="header_logo"]/a/img</arg>
</arguments>
<msg timestamp="20210212 13:57:19.363" level="INFO">Clicking element 'xpath=//*[@id="header_logo"]/a/img'.</msg>
<status status="PASS" starttime="20210212 13:57:19.363" endtime="20210212 13:57:32.062"></status>
</kw>
<status status="PASS" starttime="20210212 13:57:09.762" endtime="20210212 13:57:32.062"></status>
</kw>
<status status="PASS" starttime="20210212 13:55:04.305" endtime="20210212 13:57:32.062"></status>
</kw>
<kw name="Close Browser" library="SeleniumLibrary">
<doc>Closes the current browser.</doc>
<status status="PASS" starttime="20210212 13:57:32.063" endtime="20210212 13:57:34.198"></status>
</kw>
<status status="PASS" starttime="20210212 13:54:52.108" endtime="20210212 13:57:34.199" critical="yes"></status>
</test>
<status status="PASS" starttime="20210212 13:54:51.977" endtime="20210212 13:57:34.199"></status>
</suite>
<statistics>
<total>
<stat pass="1" fail="0">Critical Tests</stat>
<stat pass="1" fail="0">All Tests</stat>
</total>
<tag>
</tag>
<suite>
<stat pass="1" fail="0" id="s1" name="Selenium-Automation">Selenium-Automation</stat>
</suite>
</statistics>
<errors>
<msg timestamp="20210212 13:55:04.305" level="WARN">Error in file 'C:\Users\usuario\Desktop\QA_Automation\Arrays y Loops\selenium-automation.robot' in FOR loop starting on line 21: For loop header ':FOR' is deprecated. Use 'FOR' instead.</msg>
<msg timestamp="20210212 13:55:04.306" level="WARN">Error in file 'C:\Users\usuario\Desktop\QA_Automation\Arrays y Loops\selenium-automation.robot' in FOR loop starting on line 21: Marking for loop body with '\' is deprecated. Remove markers and use 'END' instead.</msg>
</errors>
</robot>
